node,solution,solution
node,abdalla3,6
node,abdelna1,230
node,abdynek2,185
node,aborro3,40
node,acevedo7,50
node,acoulte3,263
node,adams10,31
node,adecker2,314
node,advora2,184
node,agarwa28,48
node,agarwal9,261
node,aguzman4,217
node,ahasija2,197
node,ahusain4,180
node,aisrani2,244
node,ajurik2,111
node,akilins2,109
node,alanxu2,200
node,aloeb2,29
node,amancha1,191
node,amorga21,131
node,amryan2,282
node,apandya3,32
node,aparce2,17
node,arappep2,118
node,armstro4,328
node,aschult5,255
node,ataylo23,295
node,aychan3,123
node,aychin2,62
node,aychung2,10
node,aydt1,8
node,bae10,177
node,bakshi1,192
node,bali4,266
node,bandrew2,137
node,barber5,7
node,bathina2,104
node,bbradle3,181
node,bchan8,271
node,beierwa1,309
node,bero1,246
node,bhattac4,115
node,bjohns38,247
node,blong5,211
node,blyth1,245
node,bmparks2,69
node,borkiew1,26
node,breese1,216
node,burke5,12
node,c-heeren,80
node,cemeyer2,135
node,chang29,258
node,chaoxia1,337
node,chaplot1,90
node,chen116,83
node,chen87,64
node,chenhu1,350
node,cheung4,108
node,chinvet1,231
node,chiu19,303
node,cho89,38
node,chong16,203
node,chong18,11
node,chung38,179
node,chung91,106
node,cjpark3,228
node,clare1,116
node,clevela1,36
node,cli20,102
node,cmooney2,155
node,coleman8,18
node,colon1,103
node,corless2,82
node,cpoon2,329
node,csahni2,334
node,cschan3,57
node,ctaylo21,139
node,cwojnar2,21
node,czych2,220
node,dass1,219
node,davidho2,78
node,dchen26,41
node,dcoburn2,75
node,de4,23
node,deflume1,74
node,degrand1,77
node,dfong2,42
node,dgrocho2,340
node,dhandle2,117
node,dkassa2,237
node,dkorte2,136
node,dlee35,236
node,donofri2,265
node,dsalet2,105
node,dsantar2,342
node,dschmit3,206
node,duggira1,16
node,dunn5,308
node,earls3,241
node,edai3,199
node,ericcox2,242
node,fan7,126
node,ferm1,59
node,flam3,307
node,fliu20,0
node,gahlot1,338
node,gbergsc2,269
node,gibbons4,301
node,gikim1,168
node,gil4,37
node,gonzale5,1
node,gu5,272
node,guo29,93
node,gupta18,208
node,gupta28,324
node,gupte1,73
node,han13,347
node,hayes6,187
node,hays3,142
node,hazra1,46
node,hbeberma,27
node,hegde1,157
node,henke2,148
node,herdan1,238
node,hinderm1,325
node,hjoo4,323
node,hna3,188
node,hong15,250
node,hsiao3,4
node,huang103,256
node,hughes11,130
node,iandola1,160
node,jablons1,54
node,jain17,76
node,jain31,5
node,jang14,122
node,jcarley2,98
node,jclee9,345
node,jfuhs2,124
node,jhandz2,159
node,jhevrin2,316
node,jieming1,251
node,jimmyxu1,222
node,jklee5,333
node,jleigh,294
node,jlorenz3,209
node,johnso70,202
node,jparson2,166
node,jryer2,150
node,jspence5,30
node,jtbaird2,94
node,jun11,332
node,junma3,284
node,kao6,232
node,kchen29,127
node,kendzio1,89
node,kengle3,9
node,khushan1,156
node,kim333,186
node,kim545,164
node,kircher1,151
node,kleczyn1,140
node,kliddle2,25
node,klim5,72
node,knee2,207
node,ko7,281
node,kothari5,67
node,kriz1,97
node,ksantaa2,99
node,kumar13,273
node,kuo16,52
node,lamber10,249
node,lee329,318
node,lee811,225
node,lehman1,146
node,leixing2,196
node,leonard1,327
node,liao9,287
node,lim32,47
node,lin17,276
node,lin49,214
node,lindqui1,315
node,liu107,313
node,llanes1,296
node,lmendez2,169
node,loboda1,233
node,lstromb2,114
node,lu18,153
node,luo9,45
node,madhesw1,87
node,malhotr5,133
node,malinin1,285
node,malinow1,297
node,maliped1,85
node,man1,162
node,martin70,79
node,matesi1,20
node,mbenav3,239
node,mccammo1,145
node,mcginty,70
node,mclain1,227
node,mczarny2,51
node,mdaley2,161
node,megarza2,172
node,mferra3,24
node,mhines3,92
node,minakim1,215
node,misik1,223
node,mjmccorm,120
node,mmille41,248
node,mnoviel2,43
node,morriso5,280
node,morriss1,312
node,mschmid2,243
node,mulliki1,107
node,myrda1,121
node,mzli2,226
node,nalee1,277
node,ncheng2,33
node,neumann4,274
node,nhali2,28
node,ni2,163
node,nie1,348
node,nirh1,343
node,nishima1,171
node,nkowalc2,158
node,nlord2,35
node,nowobil1,3
node,nrawls2,176
node,nsures2,278
node,nukalap1,240
node,nyarin2,138
node,obergfe1,143
node,olen1,351
node,oskov1,15
node,panwong2,129
node,park154,71
node,park205,221
node,patel97,183
node,pbergm2,288
node,pcdoshi2,132
node,pdiebol2,275
node,pearson9,224
node,pfister1,270
node,phu2,125
node,piyawon1,259
node,plindbe2,319
node,pmcausl2,198
node,poddar1,335
node,prakash4,339
node,pvora2,235
node,ramaith1,283
node,rasmuss2,84
node,ridmann1,195
node,riggins1,101
node,rios3,63
node,rliu6,344
node,rmarti27,95
node,rmuryan2,53
node,roselle2,119
node,roy9,253
node,roylee3,311
node,rredeno2,349
node,rsulliv7,189
node,rudwick2,154
node,rusiana2,175
node,ryali1,299
node,ryanshi2,291
node,rzilouc2,149
node,sagrawa3,326
node,samblan1,147
node,schafer4,44
node,schaffe3,128
node,schauer2,218
node,schilli1,34
node,schober1,2
node,scholl1,304
node,schweiz1,205
node,sdutta3,165
node,searl1,306
node,seerup1,174
node,senlu2,292
node,sethorr1,110
node,shelans1,262
node,shin14,19
node,shuohe2,257
node,sikora4,260
node,skabbes2,86
node,skatz2,210
node,slatter1,14
node,slining2,60
node,smelnic3,152
node,smith137,112
node,smith94,100
node,sommer3,96
node,spadoni2,91
node,spark29,290
node,sridhar5,252
node,ssung3,66
node,strumin1,212
node,sun8,182
node,sundar2,61
node,suresh2,300
node,suri1,193
node,svinjam2,321
node,sze1,49
node,tcardwe2,279
node,tedesco1,322
node,tegnere1,173
node,thomas40,81
node,thyagar1,286
node,tiku1,13
node,tkadic2,65
node,tmurray5,178
node,tobrien4,141
node,toole1,298
node,tphamda2,201
node,trieuvu1,336
node,tsteige2,289
node,tstilwe2,204
node,twu6,317
node,ujeong2,167
node,uppal2,88
node,venkata4,264
node,verre1,234
node,volk1,346
node,vyas1,302
node,wang103,190
node,wanzek1,341
node,wbarnes2,331
node,wdietz2,330
node,white25,268
node,wldavis2,194
node,wong14,305
node,wong17,310
node,woolson1,320
node,wsetche2,22
node,wu14,144
node,xiangli1,113
node,xlin9,229
node,xu11,267
node,xu50,56
node,yeh7,58
node,yicheng1,213
node,yinwang2,39
node,yisun3,170
node,yyu8,68
node,zaikaus1,134
node,zhagui1,254
node,zhang63,293
node,zhu32,55
edge,adams10,riggins1,94,match0.html
edge,burke5,jhevrin2,97,match1.html
edge,deflume1,llanes1,98,match2.html
edge,riggins1,suresh2,90,match3.html
edge,adams10,suresh2,88,match4.html
edge,corless2,ctaylo21,99,match5.html
edge,kircher1,leonard1,99,match6.html
edge,samblan1,schilli1,99,match7.html
edge,han13,jun11,99,match8.html
edge,gupte1,nirh1,94,match9.html
edge,lehman1,martin70,97,match10.html
edge,loboda1,panwong2,92,match11.html
edge,bmparks2,lin17,83,match12.html
edge,khushan1,lstromb2,98,match13.html
edge,hays3,mclain1,95,match14.html
edge,chaplot1,ridmann1,99,match15.html
edge,ko7,nsures2,99,match16.html
edge,kendzio1,scholl1,99,match17.html
edge,agarwa28,uppal2,99,match18.html
edge,agarwa28,dass1,99,match19.html
edge,dass1,uppal2,99,match20.html
edge,blong5,nyarin2,96,match21.html
edge,colon1,johnso70,95,match22.html
edge,chen87,lindqui1,79,match23.html
edge,rudwick2,smelnic3,79,match24.html
edge,apandya3,csahni2,99,match25.html
edge,ahusain4,gupta28,84,match26.html
edge,pcdoshi2,pvora2,98,match27.html
edge,agarwal9,suri1,99,match28.html
edge,man1,sommer3,97,match29.html
edge,chung38,shin14,99,match30.html
edge,amancha1,malhotr5,99,match31.html
edge,advora2,bathina2,99,match32.html
edge,hinderm1,seerup1,99,match33.html
edge,madhesw1,sridhar5,99,match34.html
edge,jablons1,morriso5,97,match35.html
edge,bchan8,ujeong2,96,match36.html
edge,pearson9,zhang63,96,match37.html
edge,henke2,kliddle2,94,match38.html
edge,mjmccorm,yinwang2,99,match39.html
edge,jclee9,mczarny2,99,match40.html
edge,bakshi1,mnoviel2,91,match41.html
edge,thomas40,woolson1,99,match42.html
edge,lamber10,tiku1,99,match43.html
edge,roy9,thyagar1,96,match44.html
edge,aisrani2,cpoon2,81,match45.html
edge,iandola1,smith137,99,match46.html
edge,bakshi1,gikim1,94,match47.html
edge,clare1,nrawls2,99,match48.html
edge,liu107,wu14,99,match49.html
edge,gikim1,mnoviel2,91,match50.html
edge,gonzale5,rredeno2,88,match51.html
edge,solution,wanzek1,90,match52.html
edge,gikim1,wanzek1,90,match53.html
edge,borkiew1,tkadic2,90,match54.html
edge,bakshi1,wanzek1,88,match55.html
edge,llanes1,volk1,69,match56.html
edge,deflume1,volk1,68,match57.html
edge,solution,bakshi1,88,match58.html
edge,bakshi1,klim5,80,match59.html
edge,solution,gikim1,88,match60.html
edge,rliu6,smith94,99,match61.html
edge,klim5,xu11,87,match62.html
edge,mnoviel2,wanzek1,84,match63.html
edge,solution,xu11,85,match64.html
edge,bakshi1,ncheng2,84,match65.html
edge,bakshi1,flam3,84,match66.html
edge,gikim1,ncheng2,84,match67.html
edge,solution,mnoviel2,84,match68.html
edge,wanzek1,xu11,84,match69.html
edge,ncheng2,wanzek1,84,match70.html
edge,gupta18,nukalap1,99,match71.html
edge,klim5,mnoviel2,75,match72.html
edge,dsalet2,toole1,99,match73.html
edge,flam3,mnoviel2,81,match74.html
edge,mnoviel2,ncheng2,81,match75.html
edge,bakshi1,xu11,81,match76.html
edge,gikim1,xu11,81,match77.html
edge,abdynek2,jhandz2,64,match78.html
edge,flam3,gikim1,80,match79.html
edge,mulliki1,sethorr1,69,match80.html
edge,gikim1,klim5,79,match81.html
edge,gikim1,luo9,81,match82.html
edge,lee329,mnoviel2,76,match83.html
edge,bakshi1,lee329,76,match84.html
edge,klim5,wanzek1,78,match85.html
edge,gibbons4,kao6,60,match86.html
edge,solution,ncheng2,77,match87.html
edge,solution,flam3,77,match88.html
edge,solution,luo9,79,match89.html
edge,mnoviel2,xu11,77,match90.html
edge,solution,klim5,76,match91.html
edge,gikim1,lee329,76,match92.html
edge,mnoviel2,ni2,74,match93.html
edge,bakshi1,luo9,78,match94.html
edge,bakshi1,ni2,74,match95.html
edge,ferm1,white25,79,match96.html
edge,luo9,wanzek1,78,match97.html
edge,luo9,xu11,78,match98.html
edge,lee329,wanzek1,74,match99.html
edge,flam3,ncheng2,74,match100.html
edge,flam3,wanzek1,73,match101.html
edge,barber5,park205,68,match102.html
edge,luo9,mnoviel2,75,match103.html
edge,blyth1,tsteige2,54,match104.html
edge,solution,lee329,72,match105.html
edge,luo9,ncheng2,74,match106.html
edge,lee329,ncheng2,72,match107.html
edge,gikim1,ni2,71,match108.html
edge,alanxu2,gikim1,71,match109.html
edge,klim5,luo9,73,match110.html
edge,alanxu2,bakshi1,66,match111.html
edge,flam3,xu11,70,match112.html
edge,klim5,ncheng2,70,match113.html
edge,ni2,wanzek1,68,match114.html
edge,solution,ni2,69,match115.html
edge,flam3,klim5,68,match116.html
edge,lee329,ni2,67,match117.html
edge,alanxu2,mnoviel2,64,match118.html
edge,alanxu2,wanzek1,67,match119.html
edge,minakim1,spark29,64,match120.html
edge,luo9,ni2,68,match121.html
edge,alanxu2,ncheng2,66,match122.html
edge,ncheng2,xu11,65,match123.html
edge,maliped1,thomas40,65,match124.html
edge,maliped1,woolson1,65,match125.html
edge,ncheng2,ni2,65,match126.html
edge,klim5,ni2,63,match127.html
edge,lee329,luo9,66,match128.html
edge,ni2,xu11,65,match129.html
edge,flam3,ni2,64,match130.html
edge,flam3,lee329,63,match131.html
edge,lee329,xu11,64,match132.html
edge,klim5,lee329,61,match133.html
edge,flam3,luo9,65,match134.html
edge,solution,alanxu2,62,match135.html
edge,alanxu2,xu11,61,match136.html
edge,alanxu2,luo9,63,match137.html
edge,jablons1,neumann4,59,match138.html
edge,morriso5,neumann4,59,match139.html
edge,alanxu2,klim5,56,match140.html
edge,kim545,spark29,56,match141.html
edge,alanxu2,flam3,58,match142.html
edge,ncheng2,phu2,58,match143.html
edge,jhevrin2,oskov1,32,match144.html
edge,alanxu2,lee329,55,match145.html
edge,burke5,oskov1,32,match146.html
edge,nalee1,wong17,49,match147.html
edge,jain31,tegnere1,60,match148.html
edge,hughes11,tedesco1,61,match149.html
edge,pfister1,shelans1,98,match150.html
edge,kim545,minakim1,50,match151.html
edge,phu2,wanzek1,51,match152.html
edge,cheung4,sze1,55,match153.html
edge,bakshi1,phu2,47,match154.html
edge,ncheng2,ujeong2,51,match155.html
edge,bchan8,ncheng2,51,match156.html
edge,flam3,ujeong2,50,match157.html
edge,bchan8,flam3,50,match158.html
edge,blong5,xu11,50,match159.html
edge,nyarin2,xu11,50,match160.html
edge,gikim1,phu2,49,match161.html
edge,klim5,nyarin2,44,match162.html
edge,blong5,klim5,44,match163.html
edge,mnoviel2,phu2,44,match164.html
edge,jlorenz3,mnoviel2,47,match165.html
edge,bakshi1,jlorenz3,47,match166.html
edge,fan7,pbergm2,50,match167.html
edge,agarwal9,gikim1,47,match168.html
edge,gikim1,suri1,47,match169.html
edge,jlorenz3,lee329,47,match170.html
edge,alanxu2,ni2,46,match171.html
edge,solution,phu2,47,match172.html
edge,jain17,khushan1,41,match173.html
edge,jain17,lstromb2,41,match174.html
edge,jlorenz3,ncheng2,46,match175.html
edge,flam3,phu2,46,match176.html
edge,solution,blong5,46,match177.html
edge,solution,nyarin2,46,match178.html
edge,blong5,wanzek1,45,match179.html
edge,nyarin2,wanzek1,45,match180.html
edge,cwojnar2,dfong2,48,match181.html
edge,akilins2,rudwick2,32,match182.html
edge,chong18,rmuryan2,36,match183.html
edge,mnoviel2,ujeong2,41,match184.html
edge,bchan8,mnoviel2,41,match185.html
edge,bakshi1,bchan8,41,match186.html
edge,bakshi1,ujeong2,41,match187.html
edge,luo9,suri1,45,match188.html
edge,agarwal9,luo9,45,match189.html
edge,abdynek2,nsures2,35,match190.html
edge,phu2,xu11,44,match191.html
edge,ni2,phu2,43,match192.html
edge,akilins2,donofri2,30,match193.html
edge,kothari5,prakash4,63,match194.html
edge,abdynek2,ko7,35,match195.html
edge,thomas40,vyas1,43,match196.html
edge,vyas1,woolson1,43,match197.html
edge,mnoviel2,suri1,40,match198.html
edge,agarwal9,mnoviel2,40,match199.html
edge,agarwal9,bakshi1,40,match200.html
edge,bakshi1,suri1,40,match201.html
edge,bchan8,ni2,42,match202.html
edge,ni2,ujeong2,42,match203.html
edge,mnoviel2,nyarin2,39,match204.html
edge,blong5,mnoviel2,39,match205.html
edge,bakshi1,blong5,39,match206.html
edge,bakshi1,nyarin2,39,match207.html
edge,dsantar2,yinwang2,42,match208.html
edge,dsantar2,mjmccorm,42,match209.html
edge,lee329,ujeong2,41,match210.html
edge,bchan8,lee329,41,match211.html
edge,jlorenz3,ni2,42,match212.html
edge,luo9,ujeong2,44,match213.html
edge,bchan8,luo9,44,match214.html
edge,bchan8,gikim1,42,match215.html
edge,gikim1,jlorenz3,42,match216.html
edge,gikim1,ujeong2,42,match217.html
edge,luo9,nyarin2,43,match218.html
edge,blong5,luo9,43,match219.html
edge,blong5,gikim1,42,match220.html
edge,gikim1,nyarin2,42,match221.html
edge,solution,jlorenz3,42,match222.html
edge,lee329,phu2,40,match223.html
edge,flam3,suri1,41,match224.html
edge,agarwal9,flam3,41,match225.html
edge,flam3,jlorenz3,41,match226.html
edge,alanxu2,phu2,38,match227.html
edge,luo9,phu2,41,match228.html
edge,ncheng2,suri1,40,match229.html
edge,ncheng2,nyarin2,40,match230.html
edge,lee329,nyarin2,38,match231.html
edge,agarwal9,ncheng2,40,match232.html
edge,blong5,ncheng2,40,match233.html
edge,blong5,lee329,38,match234.html
edge,jlorenz3,wanzek1,39,match235.html
edge,chong16,kim545,31,match236.html
edge,solution,bchan8,39,match237.html
edge,solution,agarwal9,39,match238.html
edge,solution,suri1,39,match239.html
edge,solution,ujeong2,39,match240.html
edge,bchan8,wanzek1,39,match241.html
edge,agarwal9,wanzek1,39,match242.html
edge,suri1,wanzek1,39,match243.html
edge,ujeong2,wanzek1,39,match244.html
edge,maliped1,vyas1,39,match245.html
edge,lee329,rsulliv7,37,match246.html
edge,bchan8,xu11,38,match247.html
edge,agarwal9,xu11,38,match248.html
edge,suri1,xu11,38,match249.html
